<?xml version="1.0" encoding="UTF-8"?>
<!-- Generated by org.testng.reporters.JUnitReportReporter -->
<testsuite hostname="LAPTOP-9D514ALF" failures="0" tests="2" name="TestNg.SampleTest1" time="0.014" errors="0" timestamp="2023-01-31T20:34:20 IST" skipped="0">
  <testcase classname="TestNg.SampleTest1" name="m1" time="0.013"/>
  <system-out/>
  <testcase classname="TestNg.SampleTest1" name="m2" time="0.001"/>
  <system-out/>
</testsuite> <!-- TestNg.SampleTest1 -->
